{
  "numFailedTestSuites": 0,
  "numFailedTests": 0,
  "numPassedTestSuites": 1,
  "numPassedTests": 25,
  "numPendingTestSuites": 0,
  "numPendingTests": 0,
  "numRuntimeErrorTestSuites": 0,
  "numTodoTests": 0,
  "numTotalTestSuites": 1,
  "numTotalTests": 25,
  "openHandles": [],
  "snapshot": {
    "added": 0,
    "didUpdate": false,
    "failure": false,
    "filesAdded": 0,
    "filesRemoved": 0,
    "filesRemovedList": [],
    "filesUnmatched": 0,
    "filesUpdated": 0,
    "matched": 0,
    "total": 0,
    "unchecked": 0,
    "uncheckedKeysByFile": [],
    "unmatched": 0,
    "updated": 0
  },
  "startTime": 1727971428977,
  "success": true,
  "testResults": [
    {
      "assertionResults": [
        {
          "ancestorTitles": ["Sumar"],
          "duration": 3,
          "failureDetails": [],
          "failureMessages": [],
          "fullName": "Sumar deberia sumar dos numeros",
          "invocations": 1,
          "location": null,
          "numPassingAsserts": 1,
          "retryReasons": [],
          "status": "passed",
          "title": "deberia sumar dos numeros"
        },
        {
          "ancestorTitles": ["Sumar"],
          "duration": 1,
          "failureDetails": [],
          "failureMessages": [],
          "fullName": "Sumar deberia sumar dos numeros",
          "invocations": 1,
          "location": null,
          "numPassingAsserts": 1,
          "retryReasons": [],
          "status": "passed",
          "title": "deberia sumar dos numeros"
        },
        {
          "ancestorTitles": ["Sumar"],
          "duration": 1,
          "failureDetails": [],
          "failureMessages": [],
          "fullName": "Sumar deberia sumar dos numeros",
          "invocations": 1,
          "location": null,
          "numPassingAsserts": 1,
          "retryReasons": [],
          "status": "passed",
          "title": "deberia sumar dos numeros"
        },
        {
          "ancestorTitles": ["Sumar"],
          "duration": 1,
          "failureDetails": [],
          "failureMessages": [],
          "fullName": "Sumar deberia sumar dos numeros",
          "invocations": 1,
          "location": null,
          "numPassingAsserts": 1,
          "retryReasons": [],
          "status": "passed",
          "title": "deberia sumar dos numeros"
        },
        {
          "ancestorTitles": ["Sumar"],
          "duration": 0,
          "failureDetails": [],
          "failureMessages": [],
          "fullName": "Sumar deberia sumar dos numeros",
          "invocations": 1,
          "location": null,
          "numPassingAsserts": 1,
          "retryReasons": [],
          "status": "passed",
          "title": "deberia sumar dos numeros"
        },
        {
          "ancestorTitles": ["Sumar"],
          "duration": 0,
          "failureDetails": [],
          "failureMessages": [],
          "fullName": "Sumar deberia sumar dos numeros",
          "invocations": 1,
          "location": null,
          "numPassingAsserts": 1,
          "retryReasons": [],
          "status": "passed",
          "title": "deberia sumar dos numeros"
        },
        {
          "ancestorTitles": ["Sumar"],
          "duration": 1,
          "failureDetails": [],
          "failureMessages": [],
          "fullName": "Sumar deberia sumar dos numeros",
          "invocations": 1,
          "location": null,
          "numPassingAsserts": 1,
          "retryReasons": [],
          "status": "passed",
          "title": "deberia sumar dos numeros"
        },
        {
          "ancestorTitles": ["Sumar"],
          "duration": 0,
          "failureDetails": [],
          "failureMessages": [],
          "fullName": "Sumar deberia sumar dos numeros",
          "invocations": 1,
          "location": null,
          "numPassingAsserts": 1,
          "retryReasons": [],
          "status": "passed",
          "title": "deberia sumar dos numeros"
        },
        {
          "ancestorTitles": ["Sumar"],
          "duration": 0,
          "failureDetails": [],
          "failureMessages": [],
          "fullName": "Sumar deberia sumar dos numeros",
          "invocations": 1,
          "location": null,
          "numPassingAsserts": 1,
          "retryReasons": [],
          "status": "passed",
          "title": "deberia sumar dos numeros"
        },
        {
          "ancestorTitles": ["Sumar"],
          "duration": 0,
          "failureDetails": [],
          "failureMessages": [],
          "fullName": "Sumar deberia sumar dos numeros",
          "invocations": 1,
          "location": null,
          "numPassingAsserts": 1,
          "retryReasons": [],
          "status": "passed",
          "title": "deberia sumar dos numeros"
        },
        {
          "ancestorTitles": ["Sumar"],
          "duration": 1,
          "failureDetails": [],
          "failureMessages": [],
          "fullName": "Sumar deberia sumar dos numeros",
          "invocations": 1,
          "location": null,
          "numPassingAsserts": 1,
          "retryReasons": [],
          "status": "passed",
          "title": "deberia sumar dos numeros"
        },
        {
          "ancestorTitles": ["Sumar"],
          "duration": 1,
          "failureDetails": [],
          "failureMessages": [],
          "fullName": "Sumar deberia sumar dos numeros",
          "invocations": 1,
          "location": null,
          "numPassingAsserts": 1,
          "retryReasons": [],
          "status": "passed",
          "title": "deberia sumar dos numeros"
        },
        {
          "ancestorTitles": ["Sumar"],
          "duration": 0,
          "failureDetails": [],
          "failureMessages": [],
          "fullName": "Sumar deberia sumar dos numeros",
          "invocations": 1,
          "location": null,
          "numPassingAsserts": 1,
          "retryReasons": [],
          "status": "passed",
          "title": "deberia sumar dos numeros"
        },
        {
          "ancestorTitles": ["Sumar"],
          "duration": 0,
          "failureDetails": [],
          "failureMessages": [],
          "fullName": "Sumar deberia sumar dos numeros",
          "invocations": 1,
          "location": null,
          "numPassingAsserts": 1,
          "retryReasons": [],
          "status": "passed",
          "title": "deberia sumar dos numeros"
        },
        {
          "ancestorTitles": ["Sumar"],
          "duration": 1,
          "failureDetails": [],
          "failureMessages": [],
          "fullName": "Sumar deberia sumar dos numeros",
          "invocations": 1,
          "location": null,
          "numPassingAsserts": 1,
          "retryReasons": [],
          "status": "passed",
          "title": "deberia sumar dos numeros"
        },
        {
          "ancestorTitles": ["Sumar"],
          "duration": 0,
          "failureDetails": [],
          "failureMessages": [],
          "fullName": "Sumar deberia sumar dos numeros",
          "invocations": 1,
          "location": null,
          "numPassingAsserts": 1,
          "retryReasons": [],
          "status": "passed",
          "title": "deberia sumar dos numeros"
        },
        {
          "ancestorTitles": ["Sumar"],
          "duration": 1,
          "failureDetails": [],
          "failureMessages": [],
          "fullName": "Sumar deberia sumar dos numeros",
          "invocations": 1,
          "location": null,
          "numPassingAsserts": 1,
          "retryReasons": [],
          "status": "passed",
          "title": "deberia sumar dos numeros"
        },
        {
          "ancestorTitles": ["Sumar"],
          "duration": 0,
          "failureDetails": [],
          "failureMessages": [],
          "fullName": "Sumar deberia sumar dos numeros",
          "invocations": 1,
          "location": null,
          "numPassingAsserts": 1,
          "retryReasons": [],
          "status": "passed",
          "title": "deberia sumar dos numeros"
        },
        {
          "ancestorTitles": ["Sumar"],
          "duration": 1,
          "failureDetails": [],
          "failureMessages": [],
          "fullName": "Sumar deberia sumar dos numeros",
          "invocations": 1,
          "location": null,
          "numPassingAsserts": 1,
          "retryReasons": [],
          "status": "passed",
          "title": "deberia sumar dos numeros"
        },
        {
          "ancestorTitles": ["Sumar"],
          "duration": 0,
          "failureDetails": [],
          "failureMessages": [],
          "fullName": "Sumar deberia sumar dos numeros",
          "invocations": 1,
          "location": null,
          "numPassingAsserts": 1,
          "retryReasons": [],
          "status": "passed",
          "title": "deberia sumar dos numeros"
        },
        {
          "ancestorTitles": ["Sumar"],
          "duration": 1,
          "failureDetails": [],
          "failureMessages": [],
          "fullName": "Sumar deberia sumar dos numeros",
          "invocations": 1,
          "location": null,
          "numPassingAsserts": 1,
          "retryReasons": [],
          "status": "passed",
          "title": "deberia sumar dos numeros"
        },
        {
          "ancestorTitles": ["Sumar"],
          "duration": 0,
          "failureDetails": [],
          "failureMessages": [],
          "fullName": "Sumar deberia sumar dos numeros",
          "invocations": 1,
          "location": null,
          "numPassingAsserts": 1,
          "retryReasons": [],
          "status": "passed",
          "title": "deberia sumar dos numeros"
        },
        {
          "ancestorTitles": ["Sumar"],
          "duration": 1,
          "failureDetails": [],
          "failureMessages": [],
          "fullName": "Sumar deberia sumar dos numeros",
          "invocations": 1,
          "location": null,
          "numPassingAsserts": 1,
          "retryReasons": [],
          "status": "passed",
          "title": "deberia sumar dos numeros"
        },
        {
          "ancestorTitles": ["Sumar"],
          "duration": 0,
          "failureDetails": [],
          "failureMessages": [],
          "fullName": "Sumar deberia sumar dos numeros",
          "invocations": 1,
          "location": null,
          "numPassingAsserts": 1,
          "retryReasons": [],
          "status": "passed",
          "title": "deberia sumar dos numeros"
        },
        {
          "ancestorTitles": ["Sumar"],
          "duration": 0,
          "failureDetails": [],
          "failureMessages": [],
          "fullName": "Sumar deberia sumar dos numeros",
          "invocations": 1,
          "location": null,
          "numPassingAsserts": 1,
          "retryReasons": [],
          "status": "passed",
          "title": "deberia sumar dos numeros"
        }
      ],
      "endTime": 1727971430156,
      "message": "",
      "name": "/Users/solangelquiroga/Desktop/test/src/sumador.test.js",
      "startTime": 1727971429050,
      "status": "passed",
      "summary": ""
    }
  ],
  "wasInterrupted": false,
  "coverageMap": {
    "/Users/solangelquiroga/Desktop/test/src/sumador.js": {
      "path": "/Users/solangelquiroga/Desktop/test/src/sumador.js",
      "statementMap": {
        "0": {
          "start": { "line": 2, "column": 2 },
          "end": { "line": 2, "column": 15 }
        },
        "1": {
          "start": { "line": 5, "column": 2 },
          "end": { "line": 5, "column": 15 }
        }
      },
      "fnMap": {
        "0": {
          "name": "sumar",
          "decl": {
            "start": { "line": 1, "column": 9 },
            "end": { "line": 1, "column": 14 }
          },
          "loc": {
            "start": { "line": 1, "column": 21 },
            "end": { "line": 3, "column": 1 }
          },
          "line": 1
        },
        "1": {
          "name": "restar",
          "decl": {
            "start": { "line": 4, "column": 9 },
            "end": { "line": 4, "column": 15 }
          },
          "loc": {
            "start": { "line": 4, "column": 22 },
            "end": { "line": 6, "column": 1 }
          },
          "line": 4
        }
      },
      "branchMap": {},
      "s": { "0": 25, "1": 0 },
      "f": { "0": 25, "1": 0 },
      "b": {},
      "_coverageSchema": "1a1c01bbd47fc00a2c39e90264f33305004495a9",
      "hash": "0a3451b87fcbffef57cd057a3ba9af62caf42e44"
    }
  }
}
